This file contains any messages produced by compilers while
running configure, to aid debugging if configure makes a mistake.

It was created by gmetric configure 0.1, which was
generated by GNU Autoconf 2.69.  Invocation command line was

  $ ./configure 

## --------- ##
## Platform. ##
## --------- ##

hostname = Leonhards-MacBook-Air.local
uname -m = x86_64
uname -r = 12.5.0
uname -s = Darwin
uname -v = Darwin Kernel Version 12.5.0: Mon Jul 29 16:33:49 PDT 2013; root:xnu-2050.48.11~1/RELEASE_X86_64

/usr/bin/uname -p = i386
/bin/uname -X     = unknown

/bin/arch              = unknown
/usr/bin/arch -k       = unknown
/usr/convex/getsysinfo = unknown
/usr/bin/hostinfo      = Mach kernel version:
	 Darwin Kernel Version 12.5.0: Mon Jul 29 16:33:49 PDT 2013; root:xnu-2050.48.11~1/RELEASE_X86_64
Kernel configured for up to 4 processors.
2 processors are physically available.
4 processors are logically available.
Processor type: i486 (Intel 80486)
Processors active: 0 1 2 3
Primary memory available: 4.00 gigabytes
Default processor set: 157 tasks, 1106 threads, 4 processors
Load average: 1.74, Mach factor: 2.30
/bin/machine           = unknown
/usr/bin/oslevel       = unknown
/bin/universe          = unknown

PATH: /Library/Frameworks/Python.framework/Versions/2.7/bin
PATH: /opt/local/bin
PATH: /opt/local/sbin
PATH: /usr/local/bin
PATH: /usr/bin
PATH: /bin
PATH: /usr/sbin
PATH: /sbin
PATH: /opt/X11/bin
PATH: /usr/texbin


## ----------- ##
## Core tests. ##
## ----------- ##

configure:2200: checking for a BSD-compatible install
configure:2268: result: /usr/bin/install -c
configure:2279: checking whether build environment is sane
configure:2334: result: yes
configure:2485: checking for a thread-safe mkdir -p
configure:2524: result: ./install-sh -c -d
configure:2531: checking for gawk
configure:2561: result: no
configure:2531: checking for mawk
configure:2561: result: no
configure:2531: checking for nawk
configure:2561: result: no
configure:2531: checking for awk
configure:2547: found /usr/bin/awk
configure:2558: result: awk
configure:2569: checking whether make sets $(MAKE)
configure:2591: result: yes
configure:2620: checking whether make supports nested variables
configure:2637: result: yes
configure:2825: checking for g++
configure:2841: found /usr/bin/g++
configure:2852: result: g++
configure:2879: checking for C++ compiler version
configure:2888: g++ --version >&5
i686-apple-darwin11-llvm-g++-4.2 (GCC) 4.2.1 (Based on Apple Inc. build 5658) (LLVM build 2336.11.00)
Copyright (C) 2007 Free Software Foundation, Inc.
This is free software; see the source for copying conditions.  There is NO
warranty; not even for MERCHANTABILITY or FITNESS FOR A PARTICULAR PURPOSE.

configure:2899: $? = 0
configure:2888: g++ -v >&5
Using built-in specs.
Target: i686-apple-darwin11
Configured with: /private/var/tmp/llvmgcc42/llvmgcc42-2336.11~182/src/configure --disable-checking --enable-werror --prefix=/Applications/Xcode.app/Contents/Developer/usr/llvm-gcc-4.2 --mandir=/share/man --enable-languages=c,objc,c++,obj-c++ --program-prefix=llvm- --program-transform-name=/^[cg][^.-]*$/s/$/-4.2/ --with-slibdir=/usr/lib --build=i686-apple-darwin11 --enable-llvm=/private/var/tmp/llvmgcc42/llvmgcc42-2336.11~182/dst-llvmCore/Developer/usr/local --program-prefix=i686-apple-darwin11- --host=x86_64-apple-darwin11 --target=i686-apple-darwin11 --with-gxx-include-dir=/usr/include/c++/4.2.1
Thread model: posix
gcc version 4.2.1 (Based on Apple Inc. build 5658) (LLVM build 2336.11.00)
configure:2899: $? = 0
configure:2888: g++ -V >&5
llvm-g++-4.2: argument to `-V' is missing
configure:2899: $? = 1
configure:2888: g++ -qversion >&5
i686-apple-darwin11-llvm-g++-4.2: no input files
configure:2899: $? = 1
configure:2919: checking whether the C++ compiler works
configure:2941: g++    conftest.cpp  >&5
configure:2945: $? = 0
configure:2993: result: yes
configure:2996: checking for C++ compiler default output file name
configure:2998: result: a.out
configure:3004: checking for suffix of executables
configure:3011: g++ -o conftest    conftest.cpp  >&5
configure:3015: $? = 0
configure:3037: result: 
configure:3059: checking whether we are cross compiling
configure:3067: g++ -o conftest    conftest.cpp  >&5
configure:3071: $? = 0
configure:3078: ./conftest
configure:3082: $? = 0
configure:3097: result: no
configure:3102: checking for suffix of object files
configure:3124: g++ -c   conftest.cpp >&5
configure:3128: $? = 0
configure:3149: result: o
configure:3153: checking whether we are using the GNU C++ compiler
configure:3172: g++ -c   conftest.cpp >&5
configure:3172: $? = 0
configure:3181: result: yes
configure:3190: checking whether g++ accepts -g
configure:3210: g++ -c -g  conftest.cpp >&5
configure:3210: $? = 0
configure:3251: result: yes
configure:3285: checking for style of include used by make
configure:3313: result: GNU
configure:3339: checking dependency style of g++
configure:3450: result: gcc3
configure:3515: checking for gcc
configure:3531: found /usr/bin/gcc
configure:3542: result: gcc
configure:3771: checking for C compiler version
configure:3780: gcc --version >&5
i686-apple-darwin11-llvm-gcc-4.2 (GCC) 4.2.1 (Based on Apple Inc. build 5658) (LLVM build 2336.11.00)
Copyright (C) 2007 Free Software Foundation, Inc.
This is free software; see the source for copying conditions.  There is NO
warranty; not even for MERCHANTABILITY or FITNESS FOR A PARTICULAR PURPOSE.

configure:3791: $? = 0
configure:3780: gcc -v >&5
Using built-in specs.
Target: i686-apple-darwin11
Configured with: /private/var/tmp/llvmgcc42/llvmgcc42-2336.11~182/src/configure --disable-checking --enable-werror --prefix=/Applications/Xcode.app/Contents/Developer/usr/llvm-gcc-4.2 --mandir=/share/man --enable-languages=c,objc,c++,obj-c++ --program-prefix=llvm- --program-transform-name=/^[cg][^.-]*$/s/$/-4.2/ --with-slibdir=/usr/lib --build=i686-apple-darwin11 --enable-llvm=/private/var/tmp/llvmgcc42/llvmgcc42-2336.11~182/dst-llvmCore/Developer/usr/local --program-prefix=i686-apple-darwin11- --host=x86_64-apple-darwin11 --target=i686-apple-darwin11 --with-gxx-include-dir=/usr/include/c++/4.2.1
Thread model: posix
gcc version 4.2.1 (Based on Apple Inc. build 5658) (LLVM build 2336.11.00)
configure:3791: $? = 0
configure:3780: gcc -V >&5
llvm-gcc-4.2: argument to `-V' is missing
configure:3791: $? = 1
configure:3780: gcc -qversion >&5
i686-apple-darwin11-llvm-gcc-4.2: no input files
configure:3791: $? = 1
configure:3795: checking whether we are using the GNU C compiler
configure:3814: gcc -c   conftest.c >&5
configure:3814: $? = 0
configure:3823: result: yes
configure:3832: checking whether gcc accepts -g
configure:3852: gcc -c -g  conftest.c >&5
configure:3852: $? = 0
configure:3893: result: yes
configure:3910: checking for gcc option to accept ISO C89
configure:3973: gcc  -c -g -O2  conftest.c >&5
configure:3973: $? = 0
configure:3986: result: none needed
configure:4011: checking whether gcc understands -c and -o together
configure:4033: gcc -c conftest.c -o conftest2.o
configure:4036: $? = 0
configure:4033: gcc -c conftest.c -o conftest2.o
configure:4036: $? = 0
configure:4048: result: yes
configure:4067: checking dependency style of gcc
configure:4178: result: gcc3
configure:4194: checking for gsl_integration_workspace_alloc in -lgsl
configure:4219: gcc -o conftest -g -O2   conftest.c -lgsl   >&5
configure:4219: $? = 0
configure:4228: result: yes
configure:4239: checking for  in -lnetcdf_c++
configure:4264: gcc -o conftest -g -O2   conftest.c -lnetcdf_c++  -lgsl  >&5
conftest.c:19: error: expected identifier or '(' before ')' token
conftest.c: In function 'main':
conftest.c:23: error: expected expression before ')' token
configure:4264: $? = 1
configure: failed program was:
| /* confdefs.h */
| #define PACKAGE_NAME "gmetric"
| #define PACKAGE_TARNAME "gmetric"
| #define PACKAGE_VERSION "0.1"
| #define PACKAGE_STRING "gmetric 0.1"
| #define PACKAGE_BUGREPORT "spiegelb@in.tum.de"
| #define PACKAGE_URL ""
| #define PACKAGE "gmetric"
| #define VERSION "0.1"
| #define HAVE_LIBGSL 1
| /* end confdefs.h.  */
| 
| /* Override any GCC internal prototype to avoid an error.
|    Use char because int might match the return type of a GCC
|    builtin and then its argument prototype would still apply.  */
| #ifdef __cplusplus
| extern "C"
| #endif
| char  ();
| int
| main ()
| {
| return  ();
|   ;
|   return 0;
| }
configure:4273: result: no
configure:4284: checking for  in -lnetcdf
configure:4309: gcc -o conftest -g -O2   conftest.c -lnetcdf  -lgsl  >&5
conftest.c:19: error: expected identifier or '(' before ')' token
conftest.c: In function 'main':
conftest.c:23: error: expected expression before ')' token
configure:4309: $? = 1
configure: failed program was:
| /* confdefs.h */
| #define PACKAGE_NAME "gmetric"
| #define PACKAGE_TARNAME "gmetric"
| #define PACKAGE_VERSION "0.1"
| #define PACKAGE_STRING "gmetric 0.1"
| #define PACKAGE_BUGREPORT "spiegelb@in.tum.de"
| #define PACKAGE_URL ""
| #define PACKAGE "gmetric"
| #define VERSION "0.1"
| #define HAVE_LIBGSL 1
| /* end confdefs.h.  */
| 
| /* Override any GCC internal prototype to avoid an error.
|    Use char because int might match the return type of a GCC
|    builtin and then its argument prototype would still apply.  */
| #ifdef __cplusplus
| extern "C"
| #endif
| char  ();
| int
| main ()
| {
| return  ();
|   ;
|   return 0;
| }
configure:4318: result: no
configure:4329: checking for  in -lcppunit
configure:4354: gcc -o conftest -g -O2   conftest.c -lcppunit  -lgsl  >&5
conftest.c:19: error: expected identifier or '(' before ')' token
conftest.c: In function 'main':
conftest.c:23: error: expected expression before ')' token
configure:4354: $? = 1
configure: failed program was:
| /* confdefs.h */
| #define PACKAGE_NAME "gmetric"
| #define PACKAGE_TARNAME "gmetric"
| #define PACKAGE_VERSION "0.1"
| #define PACKAGE_STRING "gmetric 0.1"
| #define PACKAGE_BUGREPORT "spiegelb@in.tum.de"
| #define PACKAGE_URL ""
| #define PACKAGE "gmetric"
| #define VERSION "0.1"
| #define HAVE_LIBGSL 1
| /* end confdefs.h.  */
| 
| /* Override any GCC internal prototype to avoid an error.
|    Use char because int might match the return type of a GCC
|    builtin and then its argument prototype would still apply.  */
| #ifdef __cplusplus
| extern "C"
| #endif
| char  ();
| int
| main ()
| {
| return  ();
|   ;
|   return 0;
| }
configure:4363: result: no
configure:4382: checking how to run the C preprocessor
configure:4413: gcc -E  conftest.c
configure:4413: $? = 0
configure:4427: gcc -E  conftest.c
conftest.c:12:28: error: ac_nonexistent.h: No such file or directory
configure:4427: $? = 1
configure: failed program was:
| /* confdefs.h */
| #define PACKAGE_NAME "gmetric"
| #define PACKAGE_TARNAME "gmetric"
| #define PACKAGE_VERSION "0.1"
| #define PACKAGE_STRING "gmetric 0.1"
| #define PACKAGE_BUGREPORT "spiegelb@in.tum.de"
| #define PACKAGE_URL ""
| #define PACKAGE "gmetric"
| #define VERSION "0.1"
| #define HAVE_LIBGSL 1
| /* end confdefs.h.  */
| #include <ac_nonexistent.h>
configure:4452: result: gcc -E
configure:4472: gcc -E  conftest.c
configure:4472: $? = 0
configure:4486: gcc -E  conftest.c
conftest.c:12:28: error: ac_nonexistent.h: No such file or directory
configure:4486: $? = 1
configure: failed program was:
| /* confdefs.h */
| #define PACKAGE_NAME "gmetric"
| #define PACKAGE_TARNAME "gmetric"
| #define PACKAGE_VERSION "0.1"
| #define PACKAGE_STRING "gmetric 0.1"
| #define PACKAGE_BUGREPORT "spiegelb@in.tum.de"
| #define PACKAGE_URL ""
| #define PACKAGE "gmetric"
| #define VERSION "0.1"
| #define HAVE_LIBGSL 1
| /* end confdefs.h.  */
| #include <ac_nonexistent.h>
configure:4515: checking for grep that handles long lines and -e
configure:4573: result: /usr/bin/grep
configure:4578: checking for egrep
configure:4640: result: /usr/bin/grep -E
configure:4645: checking for ANSI C header files
configure:4665: gcc -c -g -O2  conftest.c >&5
configure:4665: $? = 0
configure:4738: gcc -o conftest -g -O2   conftest.c -lgsl  >&5
configure:4738: $? = 0
configure:4738: ./conftest
configure:4738: $? = 0
configure:4749: result: yes
configure:4762: checking for sys/types.h
configure:4762: gcc -c -g -O2  conftest.c >&5
configure:4762: $? = 0
configure:4762: result: yes
configure:4762: checking for sys/stat.h
configure:4762: gcc -c -g -O2  conftest.c >&5
configure:4762: $? = 0
configure:4762: result: yes
configure:4762: checking for stdlib.h
configure:4762: gcc -c -g -O2  conftest.c >&5
configure:4762: $? = 0
configure:4762: result: yes
configure:4762: checking for string.h
configure:4762: gcc -c -g -O2  conftest.c >&5
configure:4762: $? = 0
configure:4762: result: yes
configure:4762: checking for memory.h
configure:4762: gcc -c -g -O2  conftest.c >&5
configure:4762: $? = 0
configure:4762: result: yes
configure:4762: checking for strings.h
configure:4762: gcc -c -g -O2  conftest.c >&5
configure:4762: $? = 0
configure:4762: result: yes
configure:4762: checking for inttypes.h
configure:4762: gcc -c -g -O2  conftest.c >&5
configure:4762: $? = 0
configure:4762: result: yes
configure:4762: checking for stdint.h
configure:4762: gcc -c -g -O2  conftest.c >&5
configure:4762: $? = 0
configure:4762: result: yes
configure:4762: checking for unistd.h
configure:4762: gcc -c -g -O2  conftest.c >&5
configure:4762: $? = 0
configure:4762: result: yes
configure:4774: checking for stdbool.h that conforms to C99
configure:4841: gcc -c -g -O2  conftest.c >&5
configure:4841: $? = 0
configure:4848: result: yes
configure:4850: checking for _Bool
configure:4850: gcc -c -g -O2  conftest.c >&5
configure:4850: $? = 0
configure:4850: gcc -c -g -O2  conftest.c >&5
conftest.c: In function 'main':
conftest.c:58: error: expected expression before ')' token
configure:4850: $? = 1
configure: failed program was:
| /* confdefs.h */
| #define PACKAGE_NAME "gmetric"
| #define PACKAGE_TARNAME "gmetric"
| #define PACKAGE_VERSION "0.1"
| #define PACKAGE_STRING "gmetric 0.1"
| #define PACKAGE_BUGREPORT "spiegelb@in.tum.de"
| #define PACKAGE_URL ""
| #define PACKAGE "gmetric"
| #define VERSION "0.1"
| #define HAVE_LIBGSL 1
| #define STDC_HEADERS 1
| #define HAVE_SYS_TYPES_H 1
| #define HAVE_SYS_STAT_H 1
| #define HAVE_STDLIB_H 1
| #define HAVE_STRING_H 1
| #define HAVE_MEMORY_H 1
| #define HAVE_STRINGS_H 1
| #define HAVE_INTTYPES_H 1
| #define HAVE_STDINT_H 1
| #define HAVE_UNISTD_H 1
| /* end confdefs.h.  */
| #include <stdio.h>
| #ifdef HAVE_SYS_TYPES_H
| # include <sys/types.h>
| #endif
| #ifdef HAVE_SYS_STAT_H
| # include <sys/stat.h>
| #endif
| #ifdef STDC_HEADERS
| # include <stdlib.h>
| # include <stddef.h>
| #else
| # ifdef HAVE_STDLIB_H
| #  include <stdlib.h>
| # endif
| #endif
| #ifdef HAVE_STRING_H
| # if !defined STDC_HEADERS && defined HAVE_MEMORY_H
| #  include <memory.h>
| # endif
| # include <string.h>
| #endif
| #ifdef HAVE_STRINGS_H
| # include <strings.h>
| #endif
| #ifdef HAVE_INTTYPES_H
| # include <inttypes.h>
| #endif
| #ifdef HAVE_STDINT_H
| # include <stdint.h>
| #endif
| #ifdef HAVE_UNISTD_H
| # include <unistd.h>
| #endif
| int
| main ()
| {
| if (sizeof ((_Bool)))
| 	    return 0;
|   ;
|   return 0;
| }
configure:4850: result: yes
configure:4861: checking for inline
configure:4877: gcc -c -g -O2  conftest.c >&5
configure:4877: $? = 0
configure:4885: result: inline
configure:4903: checking for size_t
configure:4903: gcc -c -g -O2  conftest.c >&5
configure:4903: $? = 0
configure:4903: gcc -c -g -O2  conftest.c >&5
conftest.c: In function 'main':
conftest.c:59: error: expected expression before ')' token
configure:4903: $? = 1
configure: failed program was:
| /* confdefs.h */
| #define PACKAGE_NAME "gmetric"
| #define PACKAGE_TARNAME "gmetric"
| #define PACKAGE_VERSION "0.1"
| #define PACKAGE_STRING "gmetric 0.1"
| #define PACKAGE_BUGREPORT "spiegelb@in.tum.de"
| #define PACKAGE_URL ""
| #define PACKAGE "gmetric"
| #define VERSION "0.1"
| #define HAVE_LIBGSL 1
| #define STDC_HEADERS 1
| #define HAVE_SYS_TYPES_H 1
| #define HAVE_SYS_STAT_H 1
| #define HAVE_STDLIB_H 1
| #define HAVE_STRING_H 1
| #define HAVE_MEMORY_H 1
| #define HAVE_STRINGS_H 1
| #define HAVE_INTTYPES_H 1
| #define HAVE_STDINT_H 1
| #define HAVE_UNISTD_H 1
| #define HAVE__BOOL 1
| /* end confdefs.h.  */
| #include <stdio.h>
| #ifdef HAVE_SYS_TYPES_H
| # include <sys/types.h>
| #endif
| #ifdef HAVE_SYS_STAT_H
| # include <sys/stat.h>
| #endif
| #ifdef STDC_HEADERS
| # include <stdlib.h>
| # include <stddef.h>
| #else
| # ifdef HAVE_STDLIB_H
| #  include <stdlib.h>
| # endif
| #endif
| #ifdef HAVE_STRING_H
| # if !defined STDC_HEADERS && defined HAVE_MEMORY_H
| #  include <memory.h>
| # endif
| # include <string.h>
| #endif
| #ifdef HAVE_STRINGS_H
| # include <strings.h>
| #endif
| #ifdef HAVE_INTTYPES_H
| # include <inttypes.h>
| #endif
| #ifdef HAVE_STDINT_H
| # include <stdint.h>
| #endif
| #ifdef HAVE_UNISTD_H
| # include <unistd.h>
| #endif
| int
| main ()
| {
| if (sizeof ((size_t)))
| 	    return 0;
|   ;
|   return 0;
| }
configure:4903: result: yes
configure:4919: checking for memset
configure:4919: gcc -o conftest -g -O2   conftest.c -lgsl  >&5
conftest.c:46: warning: conflicting types for built-in function 'memset'
configure:4919: $? = 0
configure:4919: result: yes
configure:4919: checking for sqrt
configure:4919: gcc -o conftest -g -O2   conftest.c -lgsl  >&5
conftest.c:47: warning: conflicting types for built-in function 'sqrt'
configure:4919: $? = 0
configure:4919: result: yes
configure:5040: checking that generated files are newer than configure
configure:5046: result: done
configure:5073: creating ./config.status

## ---------------------- ##
## Running config.status. ##
## ---------------------- ##

This file was extended by gmetric config.status 0.1, which was
generated by GNU Autoconf 2.69.  Invocation command line was

  CONFIG_FILES    = 
  CONFIG_HEADERS  = 
  CONFIG_LINKS    = 
  CONFIG_COMMANDS = 
  $ ./config.status 

on Leonhards-MacBook-Air.local

config.status:863: creating Makefile
config.status:863: creating src/Makefile
config.status:863: creating config.h
config.status:1044: config.h is unchanged
config.status:1092: executing depfiles commands

## ---------------- ##
## Cache variables. ##
## ---------------- ##

ac_cv_c_compiler_gnu=yes
ac_cv_c_inline=inline
ac_cv_cxx_compiler_gnu=yes
ac_cv_env_CCC_set=
ac_cv_env_CCC_value=
ac_cv_env_CC_set=
ac_cv_env_CC_value=
ac_cv_env_CFLAGS_set=
ac_cv_env_CFLAGS_value=
ac_cv_env_CPPFLAGS_set=
ac_cv_env_CPPFLAGS_value=
ac_cv_env_CPP_set=
ac_cv_env_CPP_value=
ac_cv_env_CXXFLAGS_set=
ac_cv_env_CXXFLAGS_value=
ac_cv_env_CXX_set=
ac_cv_env_CXX_value=
ac_cv_env_LDFLAGS_set=
ac_cv_env_LDFLAGS_value=
ac_cv_env_LIBS_set=
ac_cv_env_LIBS_value=
ac_cv_env_build_alias_set=
ac_cv_env_build_alias_value=
ac_cv_env_host_alias_set=
ac_cv_env_host_alias_value=
ac_cv_env_target_alias_set=
ac_cv_env_target_alias_value=
ac_cv_func_memset=yes
ac_cv_func_sqrt=yes
ac_cv_header_inttypes_h=yes
ac_cv_header_memory_h=yes
ac_cv_header_stdbool_h=yes
ac_cv_header_stdc=yes
ac_cv_header_stdint_h=yes
ac_cv_header_stdlib_h=yes
ac_cv_header_string_h=yes
ac_cv_header_strings_h=yes
ac_cv_header_sys_stat_h=yes
ac_cv_header_sys_types_h=yes
ac_cv_header_unistd_h=yes
ac_cv_lib_cppunit_=no
ac_cv_lib_gsl_gsl_integration_workspace_alloc=yes
ac_cv_lib_netcdf_=no
ac_cv_lib_netcdf_cpp_=no
ac_cv_objext=o
ac_cv_path_EGREP='/usr/bin/grep -E'
ac_cv_path_GREP=/usr/bin/grep
ac_cv_path_install='/usr/bin/install -c'
ac_cv_prog_AWK=awk
ac_cv_prog_CPP='gcc -E'
ac_cv_prog_ac_ct_CC=gcc
ac_cv_prog_ac_ct_CXX=g++
ac_cv_prog_cc_c89=
ac_cv_prog_cc_g=yes
ac_cv_prog_cxx_g=yes
ac_cv_prog_make_make_set=yes
ac_cv_type__Bool=yes
ac_cv_type_size_t=yes
am_cv_CC_dependencies_compiler_type=gcc3
am_cv_CXX_dependencies_compiler_type=gcc3
am_cv_make_support_nested_variables=yes
am_cv_prog_cc_c_o=yes

## ----------------- ##
## Output variables. ##
## ----------------- ##

ACLOCAL='${SHELL} /Users/leonhardspiegelberg/Documents/UniversityofAlberta/labsea-deep-channel/c++/gmetric/missing aclocal-1.14'
AMDEPBACKSLASH='\'
AMDEP_FALSE='#'
AMDEP_TRUE=''
AMTAR='$${TAR-tar}'
AM_BACKSLASH='\'
AM_DEFAULT_V='$(AM_DEFAULT_VERBOSITY)'
AM_DEFAULT_VERBOSITY='1'
AM_V='$(V)'
AUTOCONF='${SHELL} /Users/leonhardspiegelberg/Documents/UniversityofAlberta/labsea-deep-channel/c++/gmetric/missing autoconf'
AUTOHEADER='${SHELL} /Users/leonhardspiegelberg/Documents/UniversityofAlberta/labsea-deep-channel/c++/gmetric/missing autoheader'
AUTOMAKE='${SHELL} /Users/leonhardspiegelberg/Documents/UniversityofAlberta/labsea-deep-channel/c++/gmetric/missing automake-1.14'
AWK='awk'
CC='gcc'
CCDEPMODE='depmode=gcc3'
CFLAGS='-g -O2'
CPP='gcc -E'
CPPFLAGS=''
CXX='g++'
CXXDEPMODE='depmode=gcc3'
CXXFLAGS='-g -O2'
CYGPATH_W='echo'
DEFS='-DHAVE_CONFIG_H'
DEPDIR='.deps'
ECHO_C='\c'
ECHO_N=''
ECHO_T=''
EGREP='/usr/bin/grep -E'
EXEEXT=''
GREP='/usr/bin/grep'
INSTALL_DATA='${INSTALL} -m 644'
INSTALL_PROGRAM='${INSTALL}'
INSTALL_SCRIPT='${INSTALL}'
INSTALL_STRIP_PROGRAM='$(install_sh) -c -s'
LDFLAGS=''
LIBOBJS=''
LIBS='-lgsl '
LTLIBOBJS=''
MAKEINFO='${SHELL} /Users/leonhardspiegelberg/Documents/UniversityofAlberta/labsea-deep-channel/c++/gmetric/missing makeinfo'
MKDIR_P='./install-sh -c -d'
OBJEXT='o'
PACKAGE='gmetric'
PACKAGE_BUGREPORT='spiegelb@in.tum.de'
PACKAGE_NAME='gmetric'
PACKAGE_STRING='gmetric 0.1'
PACKAGE_TARNAME='gmetric'
PACKAGE_URL=''
PACKAGE_VERSION='0.1'
PATH_SEPARATOR=':'
SET_MAKE=''
SHELL='/bin/sh'
STRIP=''
VERSION='0.1'
ac_ct_CC='gcc'
ac_ct_CXX='g++'
am__EXEEXT_FALSE=''
am__EXEEXT_TRUE='#'
am__fastdepCC_FALSE='#'
am__fastdepCC_TRUE=''
am__fastdepCXX_FALSE='#'
am__fastdepCXX_TRUE=''
am__include='include'
am__isrc=''
am__leading_dot='.'
am__nodep='_no'
am__quote=''
am__tar='$${TAR-tar} chof - "$$tardir"'
am__untar='$${TAR-tar} xf -'
bindir='${exec_prefix}/bin'
build_alias=''
datadir='${datarootdir}'
datarootdir='${prefix}/share'
docdir='${datarootdir}/doc/${PACKAGE_TARNAME}'
dvidir='${docdir}'
exec_prefix='${prefix}'
host_alias=''
htmldir='${docdir}'
includedir='${prefix}/include'
infodir='${datarootdir}/info'
install_sh='${SHELL} /Users/leonhardspiegelberg/Documents/UniversityofAlberta/labsea-deep-channel/c++/gmetric/install-sh'
libdir='${exec_prefix}/lib'
libexecdir='${exec_prefix}/libexec'
localedir='${datarootdir}/locale'
localstatedir='${prefix}/var'
mandir='${datarootdir}/man'
mkdir_p='$(MKDIR_P)'
oldincludedir='/usr/include'
pdfdir='${docdir}'
prefix='/usr/local'
program_transform_name='s,x,x,'
psdir='${docdir}'
sbindir='${exec_prefix}/sbin'
sharedstatedir='${prefix}/com'
sysconfdir='${prefix}/etc'
target_alias=''

## ----------- ##
## confdefs.h. ##
## ----------- ##

/* confdefs.h */
#define PACKAGE_NAME "gmetric"
#define PACKAGE_TARNAME "gmetric"
#define PACKAGE_VERSION "0.1"
#define PACKAGE_STRING "gmetric 0.1"
#define PACKAGE_BUGREPORT "spiegelb@in.tum.de"
#define PACKAGE_URL ""
#define PACKAGE "gmetric"
#define VERSION "0.1"
#define HAVE_LIBGSL 1
#define STDC_HEADERS 1
#define HAVE_SYS_TYPES_H 1
#define HAVE_SYS_STAT_H 1
#define HAVE_STDLIB_H 1
#define HAVE_STRING_H 1
#define HAVE_MEMORY_H 1
#define HAVE_STRINGS_H 1
#define HAVE_INTTYPES_H 1
#define HAVE_STDINT_H 1
#define HAVE_UNISTD_H 1
#define HAVE__BOOL 1
#define HAVE_MEMSET 1
#define HAVE_SQRT 1

configure: exit 0
